!SESSION 2025-04-17 16:39:18.294 -----------------------------------------------
eclipse.buildId=4.35.0.20250306-0811
java.version=21.0.6
java.vendor=Eclipse Adoptium
BootLoader constants: OS=linux, ARCH=x86_64, WS=gtk, NL=en_IN
Framework arguments:  -product org.eclipse.epp.package.java.product
Command-line arguments:  -os linux -ws gtk -arch x86_64 -product org.eclipse.epp.package.java.product

!ENTRY ch.qos.logback.classic 1 0 2025-04-17 16:39:24.825
!MESSAGE Activated before the state location was initialized. Retry after the state location is initialized.
!SESSION 2025-04-17 16:39:18.294 -----------------------------------------------
eclipse.buildId=4.35.0.20250306-0811
java.version=21.0.6
java.vendor=Eclipse Adoptium
BootLoader constants: OS=linux, ARCH=x86_64, WS=gtk, NL=en_IN
Framework arguments:  -product org.eclipse.epp.package.java.product
Command-line arguments:  -os linux -ws gtk -arch x86_64 -product org.eclipse.epp.package.java.product

!ENTRY ch.qos.logback.classic 1 0 2025-04-17 16:39:24.835
!MESSAGE Activated before the state location was initialized. Retry after the state location is initialized.

!ENTRY org.eclipse.equinox.p2.reconciler.dropins 4 0 2025-04-17 16:39:25.475
!MESSAGE FrameworkEvent ERROR
!STACK 0
org.osgi.framework.BundleException: Exception in org.eclipse.equinox.internal.p2.reconciler.dropins.Activator.start() of bundle org.eclipse.equinox.p2.reconciler.dropins.
	at org.eclipse.osgi.internal.framework.BundleContextImpl.startActivator(BundleContextImpl.java:847)
	at org.eclipse.osgi.internal.framework.BundleContextImpl.start(BundleContextImpl.java:768)
	at org.eclipse.osgi.internal.framework.EquinoxBundle.startWorker0(EquinoxBundle.java:1066)
	at org.eclipse.osgi.internal.framework.EquinoxBundle$EquinoxModule.startWorker(EquinoxBundle.java:394)
	at org.eclipse.osgi.container.Module.doStart(Module.java:643)
	at org.eclipse.osgi.container.Module.start(Module.java:500)
	at org.eclipse.osgi.container.ModuleContainer$ContainerStartLevel$2.run(ModuleContainer.java:2111)
	at org.eclipse.osgi.internal.framework.EquinoxContainerAdaptor$1$1.execute(EquinoxContainerAdaptor.java:146)
	at org.eclipse.osgi.container.ModuleContainer$ContainerStartLevel.incStartLevel(ModuleContainer.java:2102)
	at org.eclipse.osgi.container.ModuleContainer$ContainerStartLevel.incStartLevel(ModuleContainer.java:2044)
	at org.eclipse.osgi.container.ModuleContainer$ContainerStartLevel.doContainerStartLevel(ModuleContainer.java:2004)
	at org.eclipse.osgi.container.ModuleContainer$ContainerStartLevel.dispatchEvent(ModuleContainer.java:1916)
	at org.eclipse.osgi.container.ModuleContainer$ContainerStartLevel.dispatchEvent(ModuleContainer.java:1)
	at org.eclipse.osgi.framework.eventmgr.EventManager.dispatchEvent(EventManager.java:230)
	at org.eclipse.osgi.framework.eventmgr.EventManager$EventThread.run(EventManager.java:341)
Caused by: java.lang.IllegalStateException: The profile is currently in use.
	at org.eclipse.equinox.internal.p2.engine.SimpleProfileRegistry.internalGetProfileStateProperties(SimpleProfileRegistry.java:1213)
	at org.eclipse.equinox.internal.p2.engine.SimpleProfileRegistry.ignoreExistingProfile(SimpleProfileRegistry.java:327)
	at org.eclipse.equinox.internal.p2.engine.SimpleProfileRegistry.internalGetProfile(SimpleProfileRegistry.java:266)
	at org.eclipse.equinox.internal.p2.engine.SimpleProfileRegistry.getProfile(SimpleProfileRegistry.java:192)
	at org.eclipse.oomph.p2.internal.core.LazyProfileRegistry.containsProfile(LazyProfileRegistry.java:224)
	at org.eclipse.equinox.internal.p2.engine.ProfilePreferences.containsProfile(ProfilePreferences.java:115)
	at org.eclipse.equinox.internal.p2.engine.ProfilePreferences.load(ProfilePreferences.java:260)
	at org.eclipse.core.internal.preferences.EclipsePreferences.create(EclipsePreferences.java:381)
	at org.eclipse.core.internal.preferences.EclipsePreferences.internalNode(EclipsePreferences.java:635)
	at org.eclipse.core.internal.preferences.EclipsePreferences.node(EclipsePreferences.java:771)
	at org.eclipse.core.internal.preferences.EclipsePreferences.internalNode(EclipsePreferences.java:642)
	at org.eclipse.core.internal.preferences.EclipsePreferences.node(EclipsePreferences.java:771)
	at org.eclipse.core.internal.preferences.EclipsePreferences.internalNode(EclipsePreferences.java:642)
	at org.eclipse.core.internal.preferences.EclipsePreferences.node(EclipsePreferences.java:771)
	at org.eclipse.core.internal.preferences.RootPreferences.getNode(RootPreferences.java:72)
	at org.eclipse.core.internal.preferences.RootPreferences.node(RootPreferences.java:53)
	at org.eclipse.equinox.internal.p2.repository.helpers.AbstractRepositoryManager.getPreferences(AbstractRepositoryManager.java:524)
	at org.eclipse.equinox.internal.p2.repository.helpers.AbstractRepositoryManager.restoreRepositories(AbstractRepositoryManager.java:1053)
	at org.eclipse.equinox.internal.p2.repository.helpers.AbstractRepositoryManager.basicGetRepository(AbstractRepositoryManager.java:190)
	at org.eclipse.equinox.internal.p2.repository.helpers.AbstractRepositoryManager.loadRepository(AbstractRepositoryManager.java:678)
	at org.eclipse.equinox.internal.p2.metadata.repository.MetadataRepositoryManager.loadRepository(MetadataRepositoryManager.java:110)
	at org.eclipse.equinox.internal.p2.metadata.repository.MetadataRepositoryManager.loadRepository(MetadataRepositoryManager.java:105)
	at org.eclipse.equinox.internal.p2.metadata.repository.MetadataRepositoryManager.loadRepository(MetadataRepositoryManager.java:1)
	at org.eclipse.equinox.internal.provisional.p2.directorywatcher.RepositoryListener.initializeRepository(RepositoryListener.java:298)
	at org.eclipse.equinox.internal.provisional.p2.directorywatcher.RepositoryListener.initializeMetadataRepository(RepositoryListener.java:93)
	at org.eclipse.equinox.internal.provisional.p2.directorywatcher.RepositoryListener.<init>(RepositoryListener.java:65)
	at org.eclipse.equinox.internal.p2.reconciler.dropins.DropinsRepositoryListener.<init>(DropinsRepositoryListener.java:85)
	at org.eclipse.equinox.internal.p2.reconciler.dropins.Activator.watchDropins(Activator.java:505)
	at org.eclipse.equinox.internal.p2.reconciler.dropins.Activator.start(Activator.java:165)
	at org.eclipse.osgi.internal.framework.BundleContextImpl$2.run(BundleContextImpl.java:826)
	at org.eclipse.osgi.internal.framework.BundleContextImpl$2.run(BundleContextImpl.java:1)
	at java.base/java.security.AccessController.doPrivileged(AccessController.java:571)
	at org.eclipse.osgi.internal.framework.BundleContextImpl.startActivator(BundleContextImpl.java:818)
	... 14 more
Root exception:
java.lang.IllegalStateException: The profile is currently in use.
	at org.eclipse.equinox.internal.p2.engine.SimpleProfileRegistry.internalGetProfileStateProperties(SimpleProfileRegistry.java:1213)
	at org.eclipse.equinox.internal.p2.engine.SimpleProfileRegistry.ignoreExistingProfile(SimpleProfileRegistry.java:327)
	at org.eclipse.equinox.internal.p2.engine.SimpleProfileRegistry.internalGetProfile(SimpleProfileRegistry.java:266)
	at org.eclipse.equinox.internal.p2.engine.SimpleProfileRegistry.getProfile(SimpleProfileRegistry.java:192)
	at org.eclipse.oomph.p2.internal.core.LazyProfileRegistry.containsProfile(LazyProfileRegistry.java:224)
	at org.eclipse.equinox.internal.p2.engine.ProfilePreferences.containsProfile(ProfilePreferences.java:115)
	at org.eclipse.equinox.internal.p2.engine.ProfilePreferences.load(ProfilePreferences.java:260)
	at org.eclipse.core.internal.preferences.EclipsePreferences.create(EclipsePreferences.java:381)
	at org.eclipse.core.internal.preferences.EclipsePreferences.internalNode(EclipsePreferences.java:635)
	at org.eclipse.core.internal.preferences.EclipsePreferences.node(EclipsePreferences.java:771)
	at org.eclipse.core.internal.preferences.EclipsePreferences.internalNode(EclipsePreferences.java:642)
	at org.eclipse.core.internal.preferences.EclipsePreferences.node(EclipsePreferences.java:771)
	at org.eclipse.core.internal.preferences.EclipsePreferences.internalNode(EclipsePreferences.java:642)
	at org.eclipse.core.internal.preferences.EclipsePreferences.node(EclipsePreferences.java:771)
	at org.eclipse.core.internal.preferences.RootPreferences.getNode(RootPreferences.java:72)
	at org.eclipse.core.internal.preferences.RootPreferences.node(RootPreferences.java:53)
	at org.eclipse.equinox.internal.p2.repository.helpers.AbstractRepositoryManager.getPreferences(AbstractRepositoryManager.java:524)
	at org.eclipse.equinox.internal.p2.repository.helpers.AbstractRepositoryManager.restoreRepositories(AbstractRepositoryManager.java:1053)
	at org.eclipse.equinox.internal.p2.repository.helpers.AbstractRepositoryManager.basicGetRepository(AbstractRepositoryManager.java:190)
	at org.eclipse.equinox.internal.p2.repository.helpers.AbstractRepositoryManager.loadRepository(AbstractRepositoryManager.java:678)
	at org.eclipse.equinox.internal.p2.metadata.repository.MetadataRepositoryManager.loadRepository(MetadataRepositoryManager.java:110)
	at org.eclipse.equinox.internal.p2.metadata.repository.MetadataRepositoryManager.loadRepository(MetadataRepositoryManager.java:105)
	at org.eclipse.equinox.internal.p2.metadata.repository.MetadataRepositoryManager.loadRepository(MetadataRepositoryManager.java:1)
	at org.eclipse.equinox.internal.provisional.p2.directorywatcher.RepositoryListener.initializeRepository(RepositoryListener.java:298)
	at org.eclipse.equinox.internal.provisional.p2.directorywatcher.RepositoryListener.initializeMetadataRepository(RepositoryListener.java:93)
	at org.eclipse.equinox.internal.provisional.p2.directorywatcher.RepositoryListener.<init>(RepositoryListener.java:65)
	at org.eclipse.equinox.internal.p2.reconciler.dropins.DropinsRepositoryListener.<init>(DropinsRepositoryListener.java:85)
	at org.eclipse.equinox.internal.p2.reconciler.dropins.Activator.watchDropins(Activator.java:505)
	at org.eclipse.equinox.internal.p2.reconciler.dropins.Activator.start(Activator.java:165)
	at org.eclipse.osgi.internal.framework.BundleContextImpl$2.run(BundleContextImpl.java:826)
	at org.eclipse.osgi.internal.framework.BundleContextImpl$2.run(BundleContextImpl.java:1)
	at java.base/java.security.AccessController.doPrivileged(AccessController.java:571)
	at org.eclipse.osgi.internal.framework.BundleContextImpl.startActivator(BundleContextImpl.java:818)
	at org.eclipse.osgi.internal.framework.BundleContextImpl.start(BundleContextImpl.java:768)
	at org.eclipse.osgi.internal.framework.EquinoxBundle.startWorker0(EquinoxBundle.java:1066)
	at org.eclipse.osgi.internal.framework.EquinoxBundle$EquinoxModule.startWorker(EquinoxBundle.java:394)
	at org.eclipse.osgi.container.Module.doStart(Module.java:643)
	at org.eclipse.osgi.container.Module.start(Module.java:500)
	at org.eclipse.osgi.container.ModuleContainer$ContainerStartLevel$2.run(ModuleContainer.java:2111)
	at org.eclipse.osgi.internal.framework.EquinoxContainerAdaptor$1$1.execute(EquinoxContainerAdaptor.java:146)
	at org.eclipse.osgi.container.ModuleContainer$ContainerStartLevel.incStartLevel(ModuleContainer.java:2102)
	at org.eclipse.osgi.container.ModuleContainer$ContainerStartLevel.incStartLevel(ModuleContainer.java:2044)
	at org.eclipse.osgi.container.ModuleContainer$ContainerStartLevel.doContainerStartLevel(ModuleContainer.java:2004)
	at org.eclipse.osgi.container.ModuleContainer$ContainerStartLevel.dispatchEvent(ModuleContainer.java:1916)
	at org.eclipse.osgi.container.ModuleContainer$ContainerStartLevel.dispatchEvent(ModuleContainer.java:1)
	at org.eclipse.osgi.framework.eventmgr.EventManager.dispatchEvent(EventManager.java:230)
	at org.eclipse.osgi.framework.eventmgr.EventManager$EventThread.run(EventManager.java:341)
